Using pre-set license
Built from 'trunk' branch; Version is '6000.0.21f1 (e2bacb8dee3a) revision 14858955'; Using compiler version '193933523'; Build Type 'Release'
OS: 'Windows 10  (10.0.19045) 64bit Professional' Language: 'en' Physical Memory: 7952 MB
BatchMode: 1, IsHumanControllingUs: 0, StartBugReporterOnCrash: 0, Is64bit: 1, IsPro: 1

COMMAND LINE ARGUMENTS:
C:\Program Files\Unity\Hub\Editor\6000.0.21f1\Editor\Unity.exe
-adb2
-batchMode
-noUpm
-name
AssetImportWorker1
-projectPath
C:/Users/paulo/Essentials/Desktop/DJD2-Project/DJD2
-logFile
Logs/AssetImportWorker1.log
-srvPort
63620
-job-worker-count
3
-background-job-worker-count
8
-asset-garbage-collectors
1
Successfully changed project path to: C:/Users/paulo/Essentials/Desktop/DJD2-Project/DJD2
C:/Users/paulo/Essentials/Desktop/DJD2-Project/DJD2
[UnityMemory] Configuration Parameters - Can be set up in boot.config
    "memorysetup-bucket-allocator-granularity=16"
    "memorysetup-bucket-allocator-bucket-count=8"
    "memorysetup-bucket-allocator-block-size=33554432"
    "memorysetup-bucket-allocator-block-count=8"
    "memorysetup-main-allocator-block-size=16777216"
    "memorysetup-thread-allocator-block-size=16777216"
    "memorysetup-gfx-main-allocator-block-size=16777216"
    "memorysetup-gfx-thread-allocator-block-size=16777216"
    "memorysetup-cache-allocator-block-size=4194304"
    "memorysetup-typetree-allocator-block-size=2097152"
    "memorysetup-profiler-bucket-allocator-granularity=16"
    "memorysetup-profiler-bucket-allocator-bucket-count=8"
    "memorysetup-profiler-bucket-allocator-block-size=33554432"
    "memorysetup-profiler-bucket-allocator-block-count=8"
    "memorysetup-profiler-allocator-block-size=16777216"
    "memorysetup-profiler-editor-allocator-block-size=1048576"
    "memorysetup-temp-allocator-size-main=16777216"
    "memorysetup-job-temp-allocator-block-size=2097152"
    "memorysetup-job-temp-allocator-block-size-background=1048576"
    "memorysetup-job-temp-allocator-reduction-small-platforms=262144"
    "memorysetup-allocator-temp-initial-block-size-main=262144"
    "memorysetup-allocator-temp-initial-block-size-worker=262144"
    "memorysetup-temp-allocator-size-background-worker=32768"
    "memorysetup-temp-allocator-size-job-worker=262144"
    "memorysetup-temp-allocator-size-preload-manager=33554432"
    "memorysetup-temp-allocator-size-nav-mesh-worker=65536"
    "memorysetup-temp-allocator-size-audio-worker=65536"
    "memorysetup-temp-allocator-size-cloud-worker=32768"
    "memorysetup-temp-allocator-size-gi-baking-worker=262144"
    "memorysetup-temp-allocator-size-gi-baking-worker=262144"
    "memorysetup-temp-allocator-size-gi-baking-worker=262144"
    "memorysetup-temp-allocator-size-gi-baking-worker=262144"
    "memorysetup-temp-allocator-size-gi-baking-worker=262144"
    "memorysetup-temp-allocator-size-gfx=262144"
Player connection [12788]  Target information:

Player connection [12788]  * "[IP] 192.168.1.79 [Port] 0 [Flags] 2 [Guid] 1990655257 [EditorId] 1990655257 [Version] 1048832 [Id] WindowsEditor(7,DESKTOP-N4UI34P) [Debug] 1 [PackageName] WindowsEditor [ProjectName] Editor" 

Player connection [12788] Host joined multi-casting on [225.0.0.222:54997]...
Player connection [12788] Host joined alternative multi-casting on [225.0.0.222:34997]...
JobSystem: Creating JobQueue using job-worker-count value 3
[Physics::Module] Initialized fallback backend.
[Physics::Module] Id: 0xdecafbad
Library Redirect Path: Library/
[Physics::Module] Selected backend.
[Physics::Module] Name: PhysX
[Physics::Module] Id: 0xf2b8ea05
[Physics::Module] SDK Version: 4.1.2
[Physics::Module] Integration Version: 1.0.0
[Physics::Module] Threading Mode: Multi-Threaded
Refreshing native plugins compatible for Editor in 68.91 ms, found 3 plugins.
Preloading 0 native plugins for Editor in 0.00 ms.
Initialize engine version: 6000.0.21f1 (e2bacb8dee3a)
[Subsystems] Discovering subsystems at path C:/Program Files/Unity/Hub/Editor/6000.0.21f1/Editor/Data/Resources/UnitySubsystems
[Subsystems] Discovering subsystems at path C:/Users/paulo/Essentials/Desktop/DJD2-Project/DJD2/Assets
GfxDevice: creating device client; kGfxThreadingModeNonThreaded
Direct3D:
    Version:  Direct3D 11.0 [level 11.1]
    Renderer: Intel(R) UHD Graphics (ID=0x9b41)
    Vendor:   Intel
    VRAM:     3976 MB
    Driver:   31.0.101.2125
Initialize mono
Mono path[0] = 'C:/Program Files/Unity/Hub/Editor/6000.0.21f1/Editor/Data/Managed'
Mono path[1] = 'C:/Program Files/Unity/Hub/Editor/6000.0.21f1/Editor/Data/MonoBleedingEdge/lib/mono/unityjit-win32'
Mono config path = 'C:/Program Files/Unity/Hub/Editor/6000.0.21f1/Editor/Data/MonoBleedingEdge/etc'
Using monoOptions --debugger-agent=transport=dt_socket,embedding=1,server=y,suspend=n,address=127.0.0.1:56388
Begin MonoManager ReloadAssembly
Registering precompiled unity dll's ...
Register platform support module: C:/Program Files/Unity/Hub/Editor/6000.0.21f1/Editor/Data/PlaybackEngines/WindowsStandaloneSupport/UnityEditor.WindowsStandalone.Extensions.dll
Registered in 0.009923 seconds.
- Loaded All Assemblies, in  0.757 seconds
Native extension for WindowsStandalone target not found
Mono: successfully reloaded assembly
- Finished resetting the current domain, in  0.860 seconds
Domain Reload Profiling: 1611ms
	BeginReloadAssembly (322ms)
		ExecutionOrderSort (0ms)
		DisableScriptedObjects (0ms)
		BackupInstance (0ms)
		ReleaseScriptingObjects (0ms)
		CreateAndSetChildDomain (2ms)
	RebuildCommonClasses (63ms)
	RebuildNativeTypeToScriptingClass (15ms)
	initialDomainReloadingComplete (89ms)
	LoadAllAssembliesAndSetupDomain (261ms)
		LoadAssemblies (312ms)
		RebuildTransferFunctionScriptingTraits (0ms)
		AnalyzeDomain (255ms)
			TypeCache.Refresh (253ms)
				TypeCache.ScanAssembly (228ms)
			BuildScriptInfoCaches (0ms)
			ResolveRequiredComponents (1ms)
	FinalizeReload (861ms)
		ReleaseScriptCaches (0ms)
		RebuildScriptCaches (0ms)
		SetupLoadedEditorAssemblies (775ms)
			LogAssemblyErrors (0ms)
			InitializePlatformSupportModulesInManaged (70ms)
			SetLoadedEditorAssemblies (5ms)
			BeforeProcessingInitializeOnLoad (10ms)
			ProcessInitializeOnLoadAttributes (580ms)
			ProcessInitializeOnLoadMethodAttributes (105ms)
			AfterProcessingInitializeOnLoad (3ms)
			EditorAssembliesLoaded (0ms)
		ExecutionOrderSort2 (0ms)
		AwakeInstancesAfterBackupRestoration (0ms)
========================================================================
Worker process is ready to serve import requests
Import Worker Mode flag is 0x00
Begin MonoManager ReloadAssembly
Symbol file LoadedFromMemory is not a mono symbol file
- Loaded All Assemblies, in  3.365 seconds
Refreshing native plugins compatible for Editor in 49.72 ms, found 3 plugins.
Native extension for WindowsStandalone target not found
Refreshing native plugins compatible for Editor in 36.71 ms, found 3 plugins.
Mono: successfully reloaded assembly
- Finished resetting the current domain, in  3.756 seconds
Domain Reload Profiling: 7021ms
	BeginReloadAssembly (1208ms)
		ExecutionOrderSort (0ms)
		DisableScriptedObjects (8ms)
		BackupInstance (0ms)
		ReleaseScriptingObjects (0ms)
		CreateAndSetChildDomain (48ms)
	RebuildCommonClasses (80ms)
	RebuildNativeTypeToScriptingClass (36ms)
	initialDomainReloadingComplete (121ms)
	LoadAllAssembliesAndSetupDomain (1817ms)
		LoadAssemblies (1084ms)
		RebuildTransferFunctionScriptingTraits (0ms)
		AnalyzeDomain (906ms)
			TypeCache.Refresh (410ms)
				TypeCache.ScanAssembly (353ms)
			BuildScriptInfoCaches (407ms)
			ResolveRequiredComponents (59ms)
	FinalizeReload (3759ms)
		ReleaseScriptCaches (0ms)
		RebuildScriptCaches (0ms)
		SetupLoadedEditorAssemblies (2878ms)
			LogAssemblyErrors (0ms)
			InitializePlatformSupportModulesInManaged (8ms)
			SetLoadedEditorAssemblies (17ms)
			BeforeProcessingInitializeOnLoad (446ms)
			ProcessInitializeOnLoadAttributes (1781ms)
			ProcessInitializeOnLoadMethodAttributes (587ms)
			AfterProcessingInitializeOnLoad (37ms)
			EditorAssembliesLoaded (2ms)
		ExecutionOrderSort2 (0ms)
		AwakeInstancesAfterBackupRestoration (19ms)
Launched and connected shader compiler UnityShaderCompiler.exe after 0.09 seconds
Refreshing native plugins compatible for Editor in 25.19 ms, found 3 plugins.
Preloading 0 native plugins for Editor in 0.00 ms.
Unloading 9 Unused Serialized files (Serialized files now loaded: 0)
Unloading 4833 unused Assets / (1.7 MB). Loaded Objects now: 5395.
Memory consumption went from 117.0 MB to 115.3 MB.
Total: 40.854700 ms (FindLiveObjects: 3.041900 ms CreateObjectMapping: 1.433000 ms MarkObjects: 29.582300 ms  DeleteObjects: 6.781400 ms)

========================================================================
Received Import Request.
  Time since last request: 61989.364611 seconds.
  path: Assets/Scripts/FuseBox
  artifactKey: Guid(7f554d4c762479d49ac2986a76560a65) Importer(815301076,1909f56bfc062723c751e8b465ee728b)
Start importing Assets/Scripts/FuseBox using Guid(7f554d4c762479d49ac2986a76560a65) Importer(815301076,1909f56bfc062723c751e8b465ee728b) (PreviewImporter) -> (artifact id: '69c10bb0f7772987d8c250d1f7d92849') in 0.0287874 seconds
Number of updated asset objects reloaded before import = 0Number of asset objects unloaded after import = 0

========================================================================
Received Prepare
Refreshing native plugins compatible for Editor in 10.29 ms, found 3 plugins.
Preloading 0 native plugins for Editor in 0.00 ms.
Unloading 0 Unused Serialized files (Serialized files now loaded: 0)
Unloading 4796 unused Assets / (1.4 MB). Loaded Objects now: 5398.
Memory consumption went from 113.1 MB to 111.7 MB.
Total: 21.935100 ms (FindLiveObjects: 0.707700 ms CreateObjectMapping: 0.818900 ms MarkObjects: 18.684900 ms  DeleteObjects: 1.721200 ms)

Prepare: number of updated asset objects reloaded= 0
========================================================================
Received Prepare
Begin MonoManager ReloadAssembly
Symbol file LoadedFromMemory is not a mono symbol file
- Loaded All Assemblies, in  2.744 seconds
Refreshing native plugins compatible for Editor in 27.15 ms, found 3 plugins.
Native extension for WindowsStandalone target not found
Mono: successfully reloaded assembly
- Finished resetting the current domain, in  4.110 seconds
Domain Reload Profiling: 6844ms
	BeginReloadAssembly (667ms)
		ExecutionOrderSort (0ms)
		DisableScriptedObjects (18ms)
		BackupInstance (0ms)
		ReleaseScriptingObjects (2ms)
		CreateAndSetChildDomain (219ms)
	RebuildCommonClasses (160ms)
	RebuildNativeTypeToScriptingClass (52ms)
	initialDomainReloadingComplete (104ms)
	LoadAllAssembliesAndSetupDomain (1749ms)
		LoadAssemblies (1493ms)
		RebuildTransferFunctionScriptingTraits (0ms)
		AnalyzeDomain (544ms)
			TypeCache.Refresh (28ms)
				TypeCache.ScanAssembly (1ms)
			BuildScriptInfoCaches (490ms)
			ResolveRequiredComponents (16ms)
	FinalizeReload (4112ms)
		ReleaseScriptCaches (0ms)
		RebuildScriptCaches (0ms)
		SetupLoadedEditorAssemblies (3204ms)
			LogAssemblyErrors (0ms)
			InitializePlatformSupportModulesInManaged (7ms)
			SetLoadedEditorAssemblies (20ms)
			BeforeProcessingInitializeOnLoad (261ms)
			ProcessInitializeOnLoadAttributes (2197ms)
			ProcessInitializeOnLoadMethodAttributes (682ms)
			AfterProcessingInitializeOnLoad (36ms)
			EditorAssembliesLoaded (1ms)
		ExecutionOrderSort2 (0ms)
		AwakeInstancesAfterBackupRestoration (23ms)
Refreshing native plugins compatible for Editor in 17.72 ms, found 3 plugins.
Preloading 0 native plugins for Editor in 0.00 ms.
Unloading 0 Unused Serialized files (Serialized files now loaded: 0)
Unloading 4832 unused Assets / (1.2 MB). Loaded Objects now: 5398.
Memory consumption went from 115.0 MB to 113.8 MB.
Total: 27.979900 ms (FindLiveObjects: 1.045600 ms CreateObjectMapping: 2.821300 ms MarkObjects: 21.146900 ms  DeleteObjects: 2.963700 ms)

Prepare: number of updated asset objects reloaded= 0
========================================================================
Received Prepare
Begin MonoManager ReloadAssembly
Symbol file LoadedFromMemory is not a mono symbol file
- Loaded All Assemblies, in  8.890 seconds
Refreshing native plugins compatible for Editor in 18.53 ms, found 3 plugins.
Native extension for WindowsStandalone target not found
Mono: successfully reloaded assembly
- Finished resetting the current domain, in  2.798 seconds
Domain Reload Profiling: 11699ms
	BeginReloadAssembly (3583ms)
		ExecutionOrderSort (1ms)
		DisableScriptedObjects (257ms)
		BackupInstance (0ms)
		ReleaseScriptingObjects (8ms)
		CreateAndSetChildDomain (1699ms)
	RebuildCommonClasses (146ms)
	RebuildNativeTypeToScriptingClass (35ms)
	initialDomainReloadingComplete (166ms)
	LoadAllAssembliesAndSetupDomain (4968ms)
		LoadAssemblies (3713ms)
		RebuildTransferFunctionScriptingTraits (0ms)
		AnalyzeDomain (1786ms)
			TypeCache.Refresh (506ms)
				TypeCache.ScanAssembly (18ms)
			BuildScriptInfoCaches (1184ms)
			ResolveRequiredComponents (26ms)
	FinalizeReload (2801ms)
		ReleaseScriptCaches (0ms)
		RebuildScriptCaches (0ms)
		SetupLoadedEditorAssemblies (1991ms)
			LogAssemblyErrors (2ms)
			InitializePlatformSupportModulesInManaged (30ms)
			SetLoadedEditorAssemblies (51ms)
			BeforeProcessingInitializeOnLoad (271ms)
			ProcessInitializeOnLoadAttributes (1048ms)
			ProcessInitializeOnLoadMethodAttributes (557ms)
			AfterProcessingInitializeOnLoad (27ms)
			EditorAssembliesLoaded (4ms)
		ExecutionOrderSort2 (0ms)
		AwakeInstancesAfterBackupRestoration (20ms)
Refreshing native plugins compatible for Editor in 23.86 ms, found 3 plugins.
Preloading 0 native plugins for Editor in 0.00 ms.
Unloading 0 Unused Serialized files (Serialized files now loaded: 0)
Unloading 4832 unused Assets / (401.0 KB). Loaded Objects now: 5398.
Memory consumption went from 115.0 MB to 114.6 MB.
Total: 73.360500 ms (FindLiveObjects: 35.598200 ms CreateObjectMapping: 2.012500 ms MarkObjects: 27.827100 ms  DeleteObjects: 7.712400 ms)

Prepare: number of updated asset objects reloaded= 0
========================================================================
Received Prepare
Refreshing native plugins compatible for Editor in 1836.59 ms, found 3 plugins.
Preloading 0 native plugins for Editor in 0.00 ms.
Unloading 0 Unused Serialized files (Serialized files now loaded: 0)
Unloading 4796 unused Assets / (1.5 MB). Loaded Objects now: 5398.
Memory consumption went from 115.0 MB to 113.4 MB.
Total: 527.856000 ms (FindLiveObjects: 5.859700 ms CreateObjectMapping: 2.513100 ms MarkObjects: 516.018800 ms  DeleteObjects: 3.458500 ms)

Prepare: number of updated asset objects reloaded= 0
========================================================================
Received Prepare
Begin MonoManager ReloadAssembly
Symbol file LoadedFromMemory is not a mono symbol file
- Loaded All Assemblies, in  8.072 seconds
Refreshing native plugins compatible for Editor in 19.28 ms, found 3 plugins.
Native extension for WindowsStandalone target not found
Mono: successfully reloaded assembly
- Finished resetting the current domain, in  4.635 seconds
Domain Reload Profiling: 12693ms
	BeginReloadAssembly (2666ms)
		ExecutionOrderSort (0ms)
		DisableScriptedObjects (199ms)
		BackupInstance (0ms)
		ReleaseScriptingObjects (2ms)
		CreateAndSetChildDomain (956ms)
	RebuildCommonClasses (169ms)
	RebuildNativeTypeToScriptingClass (49ms)
	initialDomainReloadingComplete (121ms)
	LoadAllAssembliesAndSetupDomain (5050ms)
		LoadAssemblies (4337ms)
		RebuildTransferFunctionScriptingTraits (0ms)
		AnalyzeDomain (1505ms)
			TypeCache.Refresh (679ms)
				TypeCache.ScanAssembly (37ms)
			BuildScriptInfoCaches (728ms)
			ResolveRequiredComponents (28ms)
	FinalizeReload (4638ms)
		ReleaseScriptCaches (0ms)
		RebuildScriptCaches (0ms)
		SetupLoadedEditorAssemblies (3438ms)
			LogAssemblyErrors (0ms)
			InitializePlatformSupportModulesInManaged (15ms)
			SetLoadedEditorAssemblies (33ms)
			BeforeProcessingInitializeOnLoad (265ms)
			ProcessInitializeOnLoadAttributes (2195ms)
			ProcessInitializeOnLoadMethodAttributes (891ms)
			AfterProcessingInitializeOnLoad (36ms)
			EditorAssembliesLoaded (4ms)
		ExecutionOrderSort2 (0ms)
		AwakeInstancesAfterBackupRestoration (23ms)
Refreshing native plugins compatible for Editor in 14.85 ms, found 3 plugins.
Preloading 0 native plugins for Editor in 0.00 ms.
Unloading 0 Unused Serialized files (Serialized files now loaded: 0)
Unloading 4832 unused Assets / (1.4 MB). Loaded Objects now: 5398.
Memory consumption went from 115.0 MB to 113.6 MB.
Total: 38.832000 ms (FindLiveObjects: 1.308900 ms CreateObjectMapping: 0.861300 ms MarkObjects: 33.406900 ms  DeleteObjects: 3.252000 ms)

Prepare: number of updated asset objects reloaded= 0
========================================================================
Received Prepare
Begin MonoManager ReloadAssembly
Symbol file LoadedFromMemory is not a mono symbol file
- Loaded All Assemblies, in  7.821 seconds
Refreshing native plugins compatible for Editor in 29.04 ms, found 3 plugins.
Native extension for WindowsStandalone target not found
Mono: successfully reloaded assembly
- Finished resetting the current domain, in  3.293 seconds
Domain Reload Profiling: 11102ms
	BeginReloadAssembly (2407ms)
		ExecutionOrderSort (0ms)
		DisableScriptedObjects (214ms)
		BackupInstance (0ms)
		ReleaseScriptingObjects (3ms)
		CreateAndSetChildDomain (769ms)
	RebuildCommonClasses (211ms)
	RebuildNativeTypeToScriptingClass (35ms)
	initialDomainReloadingComplete (157ms)
	LoadAllAssembliesAndSetupDomain (4998ms)
		LoadAssemblies (4331ms)
		RebuildTransferFunctionScriptingTraits (0ms)
		AnalyzeDomain (1444ms)
			TypeCache.Refresh (109ms)
				TypeCache.ScanAssembly (3ms)
			BuildScriptInfoCaches (1218ms)
			ResolveRequiredComponents (31ms)
	FinalizeReload (3295ms)
		ReleaseScriptCaches (0ms)
		RebuildScriptCaches (0ms)
		SetupLoadedEditorAssemblies (2539ms)
			LogAssemblyErrors (0ms)
			InitializePlatformSupportModulesInManaged (7ms)
			SetLoadedEditorAssemblies (14ms)
			BeforeProcessingInitializeOnLoad (238ms)
			ProcessInitializeOnLoadAttributes (1510ms)
			ProcessInitializeOnLoadMethodAttributes (724ms)
			AfterProcessingInitializeOnLoad (45ms)
			EditorAssembliesLoaded (2ms)
		ExecutionOrderSort2 (0ms)
		AwakeInstancesAfterBackupRestoration (26ms)
Refreshing native plugins compatible for Editor in 22.28 ms, found 3 plugins.
Preloading 0 native plugins for Editor in 0.00 ms.
Unloading 0 Unused Serialized files (Serialized files now loaded: 0)
Unloading 4832 unused Assets / (1.6 MB). Loaded Objects now: 5398.
Memory consumption went from 115.0 MB to 113.4 MB.
Total: 34.804200 ms (FindLiveObjects: 2.999400 ms CreateObjectMapping: 3.096200 ms MarkObjects: 22.802300 ms  DeleteObjects: 5.902500 ms)

Prepare: number of updated asset objects reloaded= 0
========================================================================
Received Prepare
Refreshing native plugins compatible for Editor in 24.55 ms, found 3 plugins.
Preloading 0 native plugins for Editor in 0.00 ms.
Unloading 0 Unused Serialized files (Serialized files now loaded: 0)
Unloading 4797 unused Assets / (1.4 MB). Loaded Objects now: 5399.
Memory consumption went from 115.0 MB to 113.5 MB.
Total: 26.174000 ms (FindLiveObjects: 0.911700 ms CreateObjectMapping: 1.152200 ms MarkObjects: 21.423900 ms  DeleteObjects: 2.683900 ms)

Prepare: number of updated asset objects reloaded= 0
========================================================================
Received Prepare
Begin MonoManager ReloadAssembly
Symbol file LoadedFromMemory is not a mono symbol file
- Loaded All Assemblies, in 15.832 seconds
Refreshing native plugins compatible for Editor in 50.07 ms, found 3 plugins.
Native extension for WindowsStandalone target not found
Mono: successfully reloaded assembly
- Finished resetting the current domain, in  4.661 seconds
Domain Reload Profiling: 20474ms
	BeginReloadAssembly (4038ms)
		ExecutionOrderSort (0ms)
		DisableScriptedObjects (13ms)
		BackupInstance (0ms)
		ReleaseScriptingObjects (0ms)
		CreateAndSetChildDomain (2085ms)
	RebuildCommonClasses (663ms)
	RebuildNativeTypeToScriptingClass (48ms)
	initialDomainReloadingComplete (159ms)
	LoadAllAssembliesAndSetupDomain (10901ms)
		LoadAssemblies (5231ms)
		RebuildTransferFunctionScriptingTraits (0ms)
		AnalyzeDomain (6557ms)
			TypeCache.Refresh (1406ms)
				TypeCache.ScanAssembly (5ms)
			BuildScriptInfoCaches (4254ms)
			ResolveRequiredComponents (494ms)
	FinalizeReload (4664ms)
		ReleaseScriptCaches (0ms)
		RebuildScriptCaches (0ms)
		SetupLoadedEditorAssemblies (3419ms)
			LogAssemblyErrors (0ms)
			InitializePlatformSupportModulesInManaged (29ms)
			SetLoadedEditorAssemblies (25ms)
			BeforeProcessingInitializeOnLoad (307ms)
			ProcessInitializeOnLoadAttributes (1857ms)
			ProcessInitializeOnLoadMethodAttributes (1153ms)
			AfterProcessingInitializeOnLoad (39ms)
			EditorAssembliesLoaded (10ms)
		ExecutionOrderSort2 (0ms)
		AwakeInstancesAfterBackupRestoration (30ms)
Refreshing native plugins compatible for Editor in 33.42 ms, found 3 plugins.
Preloading 0 native plugins for Editor in 0.00 ms.
Unloading 0 Unused Serialized files (Serialized files now loaded: 0)
Unloading 4833 unused Assets / (1.5 MB). Loaded Objects now: 5399.
Memory consumption went from 115.0 MB to 113.4 MB.
Total: 49.171400 ms (FindLiveObjects: 2.190200 ms CreateObjectMapping: 1.357600 ms MarkObjects: 39.479400 ms  DeleteObjects: 6.141100 ms)

Prepare: number of updated asset objects reloaded= 0
========================================================================
Received Import Request.
  Time since last request: 4960.797914 seconds.
  path: Assets/Scripts/FuseBox/Fuse.cs
  artifactKey: Guid(63987da82240311439ec65b33c08a7d4) Importer(815301076,1909f56bfc062723c751e8b465ee728b)
Start importing Assets/Scripts/FuseBox/Fuse.cs using Guid(63987da82240311439ec65b33c08a7d4) Importer(815301076,1909f56bfc062723c751e8b465ee728b) (PreviewImporter) -> (artifact id: '649157a4ee553971642b4bc0b8d269c1') in 0.0514808 seconds
Number of updated asset objects reloaded before import = 0Number of asset objects unloaded after import = 0

========================================================================
Received Prepare
Begin MonoManager ReloadAssembly
Symbol file LoadedFromMemory is not a mono symbol file
- Loaded All Assemblies, in  5.698 seconds
Refreshing native plugins compatible for Editor in 19.72 ms, found 3 plugins.
Native extension for WindowsStandalone target not found
Mono: successfully reloaded assembly
- Finished resetting the current domain, in  3.331 seconds
Domain Reload Profiling: 9034ms
	BeginReloadAssembly (1370ms)
		ExecutionOrderSort (0ms)
		DisableScriptedObjects (92ms)
		BackupInstance (0ms)
		ReleaseScriptingObjects (1ms)
		CreateAndSetChildDomain (535ms)
	RebuildCommonClasses (122ms)
	RebuildNativeTypeToScriptingClass (38ms)
	initialDomainReloadingComplete (117ms)
	LoadAllAssembliesAndSetupDomain (4053ms)
		LoadAssemblies (2934ms)
		RebuildTransferFunctionScriptingTraits (0ms)
		AnalyzeDomain (1514ms)
			TypeCache.Refresh (336ms)
				TypeCache.ScanAssembly (40ms)
			BuildScriptInfoCaches (1047ms)
			ResolveRequiredComponents (28ms)
	FinalizeReload (3334ms)
		ReleaseScriptCaches (0ms)
		RebuildScriptCaches (0ms)
		SetupLoadedEditorAssemblies (2581ms)
			LogAssemblyErrors (0ms)
			InitializePlatformSupportModulesInManaged (6ms)
			SetLoadedEditorAssemblies (13ms)
			BeforeProcessingInitializeOnLoad (209ms)
			ProcessInitializeOnLoadAttributes (1582ms)
			ProcessInitializeOnLoadMethodAttributes (733ms)
			AfterProcessingInitializeOnLoad (34ms)
			EditorAssembliesLoaded (4ms)
		ExecutionOrderSort2 (0ms)
		AwakeInstancesAfterBackupRestoration (24ms)
Refreshing native plugins compatible for Editor in 25.85 ms, found 3 plugins.
Preloading 0 native plugins for Editor in 0.00 ms.
Unloading 0 Unused Serialized files (Serialized files now loaded: 0)
Unloading 4833 unused Assets / (1.0 MB). Loaded Objects now: 5399.
Memory consumption went from 115.0 MB to 113.9 MB.
Total: 46.675700 ms (FindLiveObjects: 2.510100 ms CreateObjectMapping: 3.806900 ms MarkObjects: 30.269200 ms  DeleteObjects: 10.081800 ms)

Prepare: number of updated asset objects reloaded= 0
========================================================================
Received Import Request.
  Time since last request: 597.237789 seconds.
  path: Assets/Art/Models/Bookcase.fbx
  artifactKey: Guid(b65f2e175e749784a8c0313b8b3dabd9) Importer(815301076,1909f56bfc062723c751e8b465ee728b)
Start importing Assets/Art/Models/Bookcase.fbx using Guid(b65f2e175e749784a8c0313b8b3dabd9) Importer(815301076,1909f56bfc062723c751e8b465ee728b) (PreviewImporter) -> (artifact id: '6ce6558d16908c4e4136a451aca4f9f9') in 1.5466054 seconds
Number of updated asset objects reloaded before import = 0Number of asset objects unloaded after import = 48

========================================================================
Received Import Request.
  Time since last request: 0.000099 seconds.
  path: Assets/Art/Models/Cardbox_2.fbx
  artifactKey: Guid(e71ca5acb5cde9848adf12c5e3ada5b9) Importer(815301076,1909f56bfc062723c751e8b465ee728b)
Start importing Assets/Art/Models/Cardbox_2.fbx using Guid(e71ca5acb5cde9848adf12c5e3ada5b9) Importer(815301076,1909f56bfc062723c751e8b465ee728b) (PreviewImporter) -> (artifact id: '072a8520ee76d0582838e825acbeaf7a') in 0.1468647 seconds
Number of updated asset objects reloaded before import = 0Number of asset objects unloaded after import = 17

========================================================================
Received Import Request.
  Time since last request: 0.000073 seconds.
  path: Assets/Art/Models/Floor.fbx
  artifactKey: Guid(12407e644719417479152e48fa0a2e8b) Importer(815301076,1909f56bfc062723c751e8b465ee728b)
Start importing Assets/Art/Models/Floor.fbx using Guid(12407e644719417479152e48fa0a2e8b) Importer(815301076,1909f56bfc062723c751e8b465ee728b) (PreviewImporter) -> (artifact id: 'fdf40efefe5292e769c265dfeef75374') in 0.0783958 seconds
Number of updated asset objects reloaded before import = 0Number of asset objects unloaded after import = 8

========================================================================
Received Import Request.
  Time since last request: 0.000062 seconds.
  path: Assets/Art/Models/DollHouse.fbx
  artifactKey: Guid(5a0a37c2c599e4841bcfc899dc0997a2) Importer(815301076,1909f56bfc062723c751e8b465ee728b)
Start importing Assets/Art/Models/DollHouse.fbx using Guid(5a0a37c2c599e4841bcfc899dc0997a2) Importer(815301076,1909f56bfc062723c751e8b465ee728b) (PreviewImporter) -> (artifact id: '5fa9f6ebc54912710e5cb7a542663e4e') in 0.0770842 seconds
Number of updated asset objects reloaded before import = 0Number of asset objects unloaded after import = 9

========================================================================
Received Import Request.
  Time since last request: 0.000170 seconds.
  path: Assets/Art/Models/FuseDoor.fbx
  artifactKey: Guid(ffe30000c062a4b4e9ca85f139f7b6aa) Importer(815301076,1909f56bfc062723c751e8b465ee728b)
Start importing Assets/Art/Models/FuseDoor.fbx using Guid(ffe30000c062a4b4e9ca85f139f7b6aa) Importer(815301076,1909f56bfc062723c751e8b465ee728b) (PreviewImporter) -> (artifact id: '4b3abdbe41dd051e1be82dbae09a7c3e') in 0.0802963 seconds
Number of updated asset objects reloaded before import = 0Number of asset objects unloaded after import = 8

========================================================================
Received Import Request.
  Time since last request: 0.000189 seconds.
  path: Assets/Art/Models/Toolbox.fbx
  artifactKey: Guid(91a14f84328055648a226e85ca86cad0) Importer(815301076,1909f56bfc062723c751e8b465ee728b)
Start importing Assets/Art/Models/Toolbox.fbx using Guid(91a14f84328055648a226e85ca86cad0) Importer(815301076,1909f56bfc062723c751e8b465ee728b) (PreviewImporter) -> (artifact id: '1ac901350378146bed8b6722f09eb6e7') in 0.1091745 seconds
Number of updated asset objects reloaded before import = 0Number of asset objects unloaded after import = 13

========================================================================
Received Import Request.
  Time since last request: 0.000098 seconds.
  path: Assets/Art/Models/Detergent.fbx
  artifactKey: Guid(a437f122e432c274a9d6edd3f635a6ed) Importer(815301076,1909f56bfc062723c751e8b465ee728b)
Start importing Assets/Art/Models/Detergent.fbx using Guid(a437f122e432c274a9d6edd3f635a6ed) Importer(815301076,1909f56bfc062723c751e8b465ee728b) (PreviewImporter) -> (artifact id: 'bf11e13b4815b46353a30adc75c4eae8') in 0.1021686 seconds
Number of updated asset objects reloaded before import = 0Number of asset objects unloaded after import = 13

========================================================================
Received Import Request.
  Time since last request: 0.000096 seconds.
  path: Assets/Art/Models/Door.fbx
  artifactKey: Guid(522a2e3f0d096a946939f9b5bec49a75) Importer(815301076,1909f56bfc062723c751e8b465ee728b)
Start importing Assets/Art/Models/Door.fbx using Guid(522a2e3f0d096a946939f9b5bec49a75) Importer(815301076,1909f56bfc062723c751e8b465ee728b) (PreviewImporter) -> (artifact id: 'beece6c34219533d46dc57c9053d26a0') in 0.1061057 seconds
Number of updated asset objects reloaded before import = 0Number of asset objects unloaded after import = 9

========================================================================
Received Import Request.
  Time since last request: 0.000110 seconds.
  path: Assets/Art/Models/Cardbox_1.fbx
  artifactKey: Guid(f04a765a3f2a2504fb817fd3c5a5a287) Importer(815301076,1909f56bfc062723c751e8b465ee728b)
Start importing Assets/Art/Models/Cardbox_1.fbx using Guid(f04a765a3f2a2504fb817fd3c5a5a287) Importer(815301076,1909f56bfc062723c751e8b465ee728b) (PreviewImporter) -> (artifact id: 'aa6e55077dc3cc606bcfd0bf51e08ef7') in 0.1045797 seconds
Number of updated asset objects reloaded before import = 0Number of asset objects unloaded after import = 9

========================================================================
Received Import Request.
  Time since last request: 0.000096 seconds.
  path: Assets/Art/Models/Fusebox.fbx
  artifactKey: Guid(16d28baa43027da4d81fa55dc6099938) Importer(815301076,1909f56bfc062723c751e8b465ee728b)
Start importing Assets/Art/Models/Fusebox.fbx using Guid(16d28baa43027da4d81fa55dc6099938) Importer(815301076,1909f56bfc062723c751e8b465ee728b) (PreviewImporter) -> (artifact id: '1d44e758291497d69e6e4449a22948ef') in 0.290418 seconds
Number of updated asset objects reloaded before import = 0Number of asset objects unloaded after import = 45

========================================================================
Received Import Request.
  Time since last request: 0.000073 seconds.
  path: Assets/Art/Models/Picture_Frame.fbx
  artifactKey: Guid(6fc0fd8a8455f25489678f720dba4b2b) Importer(815301076,1909f56bfc062723c751e8b465ee728b)
Start importing Assets/Art/Models/Picture_Frame.fbx using Guid(6fc0fd8a8455f25489678f720dba4b2b) Importer(815301076,1909f56bfc062723c751e8b465ee728b) (PreviewImporter) -> (artifact id: 'defde995c7cf4f5beb485ba40de23aa5') in 0.0814117 seconds
Number of updated asset objects reloaded before import = 0Number of asset objects unloaded after import = 9

========================================================================
Received Import Request.
  Time since last request: 0.000197 seconds.
  path: Assets/Art/Models/Closet.fbx
  artifactKey: Guid(e4f97c81b422f7a4392fd2ed82603197) Importer(815301076,1909f56bfc062723c751e8b465ee728b)
Start importing Assets/Art/Models/Closet.fbx using Guid(e4f97c81b422f7a4392fd2ed82603197) Importer(815301076,1909f56bfc062723c751e8b465ee728b) (PreviewImporter) -> (artifact id: '713f05e2265e1a2eebf04b9aad4b256c') in 0.2130147 seconds
Number of updated asset objects reloaded before import = 0Number of asset objects unloaded after import = 23

========================================================================
Received Import Request.
  Time since last request: 0.000080 seconds.
  path: Assets/Art/Models/Pipes.fbx
  artifactKey: Guid(ea61d7533fc686f43a56716f455a4450) Importer(815301076,1909f56bfc062723c751e8b465ee728b)
Start importing Assets/Art/Models/Pipes.fbx using Guid(ea61d7533fc686f43a56716f455a4450) Importer(815301076,1909f56bfc062723c751e8b465ee728b) (PreviewImporter) -> (artifact id: '8f19a7d36bbd7cf8a3917563b914e221') in 0.0969095 seconds
Number of updated asset objects reloaded before import = 0Number of asset objects unloaded after import = 9

========================================================================
Received Import Request.
  Time since last request: 0.000063 seconds.
  path: Assets/Art/Models/Column.fbx
  artifactKey: Guid(48c8dc6364f67134195b7ad2ced2967b) Importer(815301076,1909f56bfc062723c751e8b465ee728b)
Start importing Assets/Art/Models/Column.fbx using Guid(48c8dc6364f67134195b7ad2ced2967b) Importer(815301076,1909f56bfc062723c751e8b465ee728b) (PreviewImporter) -> (artifact id: '6e41ee95cfbd07710d06cae5bedf8cb7') in 0.1001889 seconds
Number of updated asset objects reloaded before import = 0Number of asset objects unloaded after import = 9

========================================================================
Received Import Request.
  Time since last request: 0.000049 seconds.
  path: Assets/Art/Models/Lamp.fbx
  artifactKey: Guid(27b2e3fab813b4b41b1f396c541a6845) Importer(815301076,1909f56bfc062723c751e8b465ee728b)
Start importing Assets/Art/Models/Lamp.fbx using Guid(27b2e3fab813b4b41b1f396c541a6845) Importer(815301076,1909f56bfc062723c751e8b465ee728b) (PreviewImporter) -> (artifact id: '4f036790a1d7d58e1887f256f8cf312f') in 0.1800978 seconds
Number of updated asset objects reloaded before import = 0Number of asset objects unloaded after import = 19

========================================================================
Received Import Request.
  Time since last request: 0.000076 seconds.
  path: Assets/Art/Models/Laundry_Counter_Door.fbx
  artifactKey: Guid(27fbd83f48f96de48964f80e2a990f6b) Importer(815301076,1909f56bfc062723c751e8b465ee728b)
Start importing Assets/Art/Models/Laundry_Counter_Door.fbx using Guid(27fbd83f48f96de48964f80e2a990f6b) Importer(815301076,1909f56bfc062723c751e8b465ee728b) (PreviewImporter) -> (artifact id: '3f419189aec1e44657a1df4c70736768') in 0.1065605 seconds
Number of updated asset objects reloaded before import = 0Number of asset objects unloaded after import = 9

========================================================================
Received Import Request.
  Time since last request: 0.000127 seconds.
  path: Assets/Art/Models/LiftingJack.fbx
  artifactKey: Guid(6e3d469d4f390714d8b74dcb08e6fcdb) Importer(815301076,1909f56bfc062723c751e8b465ee728b)
Start importing Assets/Art/Models/LiftingJack.fbx using Guid(6e3d469d4f390714d8b74dcb08e6fcdb) Importer(815301076,1909f56bfc062723c751e8b465ee728b) (PreviewImporter) -> (artifact id: 'f09c4f4dc08d05842c666a205dcd4f24') in 0.1287326 seconds
Number of updated asset objects reloaded before import = 0Number of asset objects unloaded after import = 13

========================================================================
Received Import Request.
  Time since last request: 0.000083 seconds.
  path: Assets/Art/Models/Wooden_Cabinet.fbx
  artifactKey: Guid(b471b5a193841c64493a40c65cffdf41) Importer(815301076,1909f56bfc062723c751e8b465ee728b)
Start importing Assets/Art/Models/Wooden_Cabinet.fbx using Guid(b471b5a193841c64493a40c65cffdf41) Importer(815301076,1909f56bfc062723c751e8b465ee728b) (PreviewImporter) -> (artifact id: '896f4f2333af0280df31e34c0f4b9468') in 0.0924563 seconds
Number of updated asset objects reloaded before import = 0Number of asset objects unloaded after import = 8

========================================================================
Received Import Request.
  Time since last request: 0.000094 seconds.
  path: Assets/Art/Models/Wooden_Door.fbx
  artifactKey: Guid(2e2c0ab3b2d89ed43a62a6c8f58eae69) Importer(815301076,1909f56bfc062723c751e8b465ee728b)
Start importing Assets/Art/Models/Wooden_Door.fbx using Guid(2e2c0ab3b2d89ed43a62a6c8f58eae69) Importer(815301076,1909f56bfc062723c751e8b465ee728b) (PreviewImporter) -> (artifact id: 'b0dd3e12a9d22b7cde0df516ae4c4f7c') in 0.1041591 seconds
Number of updated asset objects reloaded before import = 0Number of asset objects unloaded after import = 9

========================================================================
Received Import Request.
  Time since last request: 0.000076 seconds.
  path: Assets/Art/Models/Folded_Newspaper.fbx
  artifactKey: Guid(c55dd02fd0a9a4148bb9c383fd228266) Importer(815301076,1909f56bfc062723c751e8b465ee728b)
Start importing Assets/Art/Models/Folded_Newspaper.fbx using Guid(c55dd02fd0a9a4148bb9c383fd228266) Importer(815301076,1909f56bfc062723c751e8b465ee728b) (PreviewImporter) -> (artifact id: 'a0aee55d34eacffc2263bb1c68045d22') in 0.087854 seconds
Number of updated asset objects reloaded before import = 0Number of asset objects unloaded after import = 8

========================================================================
Received Import Request.
  Time since last request: 0.000049 seconds.
  path: Assets/Art/Models/broom.fbx
  artifactKey: Guid(2b128d7f7c3894649b3a54bbb954d431) Importer(815301076,1909f56bfc062723c751e8b465ee728b)
Start importing Assets/Art/Models/broom.fbx using Guid(2b128d7f7c3894649b3a54bbb954d431) Importer(815301076,1909f56bfc062723c751e8b465ee728b) (PreviewImporter) -> (artifact id: '1c2aa9bca12a3603142b042e79b09492') in 0.956397 seconds
Number of updated asset objects reloaded before import = 0Number of asset objects unloaded after import = 342

Editor requested this worker to shutdown with reason: Scaling down because of idle timeout
AssetImportWorker is now disconnected from the server
Process exiting
Exiting without the bug reporter. Application will terminate with return code 0